TN:
SF:src\modules\appointments\services\CreateAppointmentsService.ts
FN:10,(anonymous_18)
FN:11,CreateAppoimentService
FN:16,(anonymous_20)
FNF:3
FNH:3
FNDA:1,(anonymous_18)
FNDA:2,CreateAppoimentService
FNDA:3,(anonymous_20)
DA:1,1
DA:2,1
DA:5,1
DA:10,1
DA:13,2
DA:16,1
DA:17,3
DA:18,3
DA:20,3
DA:22,3
DA:26,3
DA:27,1
DA:30,2
DA:34,2
DA:36,1
DA:38,1
LF:16
LH:16
BRDA:26,0,0,1
BRDA:26,0,1,2
BRF:2
BRH:2
end_of_record
TN:
SF:src\modules\users\services\CreateSessionsService.ts
FN:21,(anonymous_18)
FN:22,CreateSessionsService
FN:30,(anonymous_20)
FNF:3
FNH:3
FNDA:1,(anonymous_18)
FNDA:3,CreateSessionsService
FNDA:3,(anonymous_20)
DA:1,1
DA:2,1
DA:5,1
DA:6,1
DA:21,1
DA:24,3
DA:27,3
DA:30,3
DA:31,3
DA:32,3
DA:33,1
DA:35,2
DA:39,2
DA:40,0
DA:43,2
DA:45,2
DA:49,2
DA:51,1
DA:53,1
LF:19
LH:18
BRDA:31,0,0,3
BRDA:32,1,0,1
BRDA:32,1,1,2
BRDA:39,2,0,0
BRDA:39,2,1,2
BRF:5
BRH:4
end_of_record
TN:
SF:src\modules\users\services\CreateUserService.ts
FN:15,(anonymous_18)
FN:16,CreateUserService
FN:23,(anonymous_20)
FNF:3
FNH:3
FNDA:2,(anonymous_18)
FNDA:4,CreateUserService
FNDA:5,(anonymous_20)
DA:1,2
DA:4,2
DA:15,2
DA:18,4
DA:20,4
DA:23,5
DA:24,5
DA:25,5
DA:26,1
DA:28,4
DA:29,4
DA:34,4
DA:36,2
LF:13
LH:13
BRDA:24,0,0,5
BRDA:25,1,0,1
BRDA:25,1,1,4
BRF:3
BRH:3
end_of_record
TN:
SF:src\modules\users\services\SendPasswordForgotService.ts
FN:12,(anonymous_18)
FN:13,SendPasswordForgotService
FN:20,(anonymous_20)
FNF:3
FNH:3
FNDA:1,(anonymous_18)
FNDA:2,SendPasswordForgotService
FNDA:2,(anonymous_20)
DA:1,1
DA:4,1
DA:12,1
DA:15,2
DA:17,2
DA:20,2
DA:21,2
DA:22,2
DA:23,1
DA:25,1
DA:27,1
LF:11
LH:11
BRDA:21,0,0,2
BRDA:22,1,0,1
BRDA:22,1,1,1
BRF:3
BRH:3
end_of_record
TN:
SF:src\modules\users\services\UpdateAvatarUser.ts
FN:14,(anonymous_18)
FN:15,UpdateAvatarUser
FN:23,(anonymous_20)
FNF:3
FNH:3
FNDA:1,(anonymous_18)
FNDA:1,UpdateAvatarUser
FNDA:1,(anonymous_20)
DA:1,1
DA:4,1
DA:14,1
DA:17,1
DA:20,1
DA:23,1
DA:24,1
DA:26,1
DA:27,0
DA:33,1
DA:34,0
DA:37,1
DA:39,1
DA:40,2
DA:42,1
DA:44,1
LF:16
LH:14
BRDA:24,0,0,1
BRDA:26,1,0,0
BRDA:26,1,1,1
BRDA:33,2,0,0
BRDA:33,2,1,1
BRF:5
BRH:3
end_of_record
