TN:
SF:src\modules\appointments\services\CreateAppointmentsService.ts
FN:10,(anonymous_18)
FN:11,CreateAppoimentService
FN:16,(anonymous_20)
FNF:3
FNH:3
FNDA:1,(anonymous_18)
FNDA:4,CreateAppoimentService
FNDA:5,(anonymous_20)
DA:1,1
DA:2,1
DA:5,1
DA:10,1
DA:13,4
DA:16,1
DA:17,5
DA:18,5
DA:19,5
DA:21,5
DA:23,5
DA:24,2
DA:27,3
DA:28,1
DA:33,2
DA:37,2
DA:38,0
DA:41,2
DA:46,2
DA:48,1
DA:50,1
LF:21
LH:20
BRDA:23,0,0,2
BRDA:23,0,1,3
BRDA:27,1,0,1
BRDA:27,1,1,2
BRDA:37,2,0,0
BRDA:37,2,1,2
BRF:6
BRH:5
end_of_record
TN:
SF:src\modules\appointments\services\ListProviderDayAviabilityService.ts
FN:18,(anonymous_17)
FN:19,ListProviderDayAviabilityService
FN:24,(anonymous_19)
FN:37,(anonymous_22)
FN:41,(anonymous_23)
FN:43,(anonymous_24)
FNF:6
FNH:6
FNDA:1,(anonymous_17)
FNDA:1,ListProviderDayAviabilityService
FNDA:1,(anonymous_19)
FNDA:10,(anonymous_22)
FNDA:10,(anonymous_23)
FNDA:10,(anonymous_24)
DA:1,1
DA:2,1
DA:18,1
DA:21,1
DA:24,1
DA:25,1
DA:26,1
DA:27,1
DA:28,1
DA:30,1
DA:34,1
DA:35,1
DA:37,10
DA:40,1
DA:41,1
DA:42,10
DA:43,10
DA:45,10
DA:46,10
DA:53,1
DA:55,1
LF:21
LH:21
BRDA:30,0,0,1
BRDA:49,1,0,10
BRDA:49,1,1,9
BRF:3
BRH:3
end_of_record
TN:
SF:src\modules\appointments\services\ListProviderMonthAviabilityService.ts
FN:17,(anonymous_17)
FN:18,ListProviderMonthAviabilityService
FN:23,(anonymous_19)
FN:35,(anonymous_22)
FN:38,(anonymous_23)
FN:40,(anonymous_24)
FNF:6
FNH:6
FNDA:1,(anonymous_17)
FNDA:1,ListProviderMonthAviabilityService
FNDA:1,(anonymous_19)
FNDA:31,(anonymous_22)
FNDA:31,(anonymous_23)
FNDA:341,(anonymous_24)
DA:1,1
DA:2,1
DA:17,1
DA:20,1
DA:23,1
DA:24,1
DA:25,1
DA:26,1
DA:28,1
DA:32,1
DA:33,1
DA:35,31
DA:38,1
DA:39,31
DA:41,341
DA:44,31
DA:50,1
DA:52,1
LF:18
LH:18
BRDA:28,0,0,1
BRF:1
BRH:1
end_of_record
TN:
SF:src\modules\appointments\services\ListProvidersService.ts
FN:12,(anonymous_18)
FN:13,ListProviderService
FN:18,(anonymous_20)
FNF:3
FNH:3
FNDA:1,(anonymous_18)
FNDA:1,ListProviderService
FNDA:1,(anonymous_20)
DA:1,1
DA:4,1
DA:12,1
DA:15,1
DA:18,1
DA:19,1
DA:23,1
DA:24,0
DA:26,1
DA:28,1
LF:10
LH:9
BRDA:19,0,0,1
BRDA:23,1,0,0
BRDA:23,1,1,1
BRF:3
BRH:2
end_of_record
TN:
SF:src\modules\users\services\CreateSessionsService.ts
FN:21,(anonymous_18)
FN:22,CreateSessionsService
FN:30,(anonymous_20)
FNF:3
FNH:3
FNDA:1,(anonymous_18)
FNDA:3,CreateSessionsService
FNDA:3,(anonymous_20)
DA:1,1
DA:2,1
DA:5,1
DA:6,1
DA:21,1
DA:24,3
DA:27,3
DA:30,3
DA:31,3
DA:32,3
DA:33,1
DA:35,2
DA:39,2
DA:40,0
DA:43,2
DA:45,2
DA:49,2
DA:51,1
DA:53,1
LF:19
LH:18
BRDA:31,0,0,3
BRDA:32,1,0,1
BRDA:32,1,1,2
BRDA:39,2,0,0
BRDA:39,2,1,2
BRF:5
BRH:4
end_of_record
TN:
SF:src\modules\users\services\CreateUserService.ts
FN:15,(anonymous_18)
FN:16,CreateUserService
FN:23,(anonymous_20)
FNF:3
FNH:3
FNDA:2,(anonymous_18)
FNDA:4,CreateUserService
FNDA:5,(anonymous_20)
DA:1,2
DA:4,2
DA:15,2
DA:18,4
DA:20,4
DA:23,5
DA:24,5
DA:25,5
DA:26,1
DA:28,4
DA:29,4
DA:34,4
DA:36,2
LF:13
LH:13
BRDA:24,0,0,5
BRDA:25,1,0,1
BRDA:25,1,1,4
BRF:3
BRH:3
end_of_record
TN:
SF:src\modules\users\services\ResetPasswordService.ts
FN:15,(anonymous_18)
FN:16,ResetPasswordService
FN:25,(anonymous_20)
FNF:3
FNH:3
FNDA:1,(anonymous_18)
FNDA:4,ResetPasswordService
FNDA:4,(anonymous_20)
DA:1,1
DA:2,1
DA:4,1
DA:15,1
DA:18,4
DA:20,4
DA:22,4
DA:25,4
DA:26,4
DA:27,4
DA:28,1
DA:32,3
DA:33,3
DA:34,1
DA:39,2
DA:40,2
DA:42,2
DA:43,1
DA:48,1
DA:49,2
DA:51,1
LF:21
LH:21
BRDA:26,0,0,4
BRDA:27,1,0,1
BRDA:27,1,1,3
BRDA:33,2,0,1
BRDA:33,2,1,2
BRDA:42,3,0,1
BRDA:42,3,1,1
BRF:7
BRH:7
end_of_record
TN:
SF:src\modules\users\services\SendPasswordForgotService.ts
FN:14,(anonymous_18)
FN:15,SendPasswordForgotService
FN:24,(anonymous_20)
FNF:3
FNH:3
FNDA:1,(anonymous_18)
FNDA:3,SendPasswordForgotService
FNDA:3,(anonymous_20)
DA:1,1
DA:2,1
DA:5,1
DA:14,1
DA:17,3
DA:19,3
DA:21,3
DA:24,3
DA:25,3
DA:26,3
DA:27,1
DA:30,2
DA:32,2
DA:39,4
DA:54,1
LF:15
LH:15
BRDA:25,0,0,3
BRDA:26,1,0,1
BRDA:26,1,1,2
BRF:3
BRH:3
end_of_record
TN:
SF:src\modules\users\services\ShowProfileService.ts
FN:12,(anonymous_18)
FN:13,ShowProfileService
FN:18,(anonymous_20)
FNF:3
FNH:3
FNDA:1,(anonymous_18)
FNDA:2,ShowProfileService
FNDA:2,(anonymous_20)
DA:1,1
DA:4,1
DA:12,1
DA:15,2
DA:18,2
DA:19,2
DA:21,2
DA:22,1
DA:24,1
DA:26,1
LF:10
LH:10
BRDA:19,0,0,2
BRDA:21,1,0,1
BRDA:21,1,1,1
BRF:3
BRH:3
end_of_record
TN:
SF:src\modules\users\services\UpdateAvatarUserService.ts
FN:14,(anonymous_18)
FN:15,UpdateAvatarUser
FN:23,(anonymous_20)
FNF:3
FNH:3
FNDA:1,(anonymous_18)
FNDA:1,UpdateAvatarUser
FNDA:1,(anonymous_20)
DA:1,1
DA:4,1
DA:14,1
DA:17,1
DA:20,1
DA:23,1
DA:24,1
DA:26,1
DA:27,0
DA:33,1
DA:34,0
DA:37,1
DA:39,1
DA:40,2
DA:42,1
DA:44,1
LF:16
LH:14
BRDA:24,0,0,1
BRDA:26,1,0,0
BRDA:26,1,1,1
BRDA:33,2,0,0
BRDA:33,2,1,1
BRF:5
BRH:3
end_of_record
TN:
SF:src\modules\users\services\UpdateProfileUserService.ts
FN:17,(anonymous_18)
FN:18,UpdateProfileUser
FN:26,(anonymous_20)
FNF:3
FNH:3
FNDA:1,(anonymous_18)
FNDA:5,UpdateProfileUser
FNDA:5,(anonymous_20)
DA:1,1
DA:4,1
DA:17,1
DA:20,5
DA:23,5
DA:26,1
DA:27,5
DA:28,5
DA:29,5
DA:30,5
DA:31,5
DA:33,5
DA:35,5
DA:36,0
DA:39,5
DA:43,5
DA:44,1
DA:46,4
DA:47,4
DA:49,4
DA:50,1
DA:53,4
DA:54,2
DA:59,2
DA:60,1
DA:64,3
DA:65,1
DA:68,2
DA:70,1
LF:29
LH:28
BRDA:33,0,0,5
BRDA:33,0,1,2
BRDA:35,1,0,0
BRDA:35,1,1,5
BRDA:43,2,0,1
BRDA:43,2,1,4
BRDA:43,3,0,5
BRDA:43,3,1,1
BRDA:49,4,0,1
BRDA:49,4,1,3
BRDA:49,5,0,4
BRDA:49,5,1,3
BRDA:53,6,0,1
BRDA:53,6,1,2
BRDA:53,7,0,3
BRDA:53,7,1,2
BRDA:59,8,0,1
BRDA:59,8,1,1
BRDA:64,9,0,1
BRDA:64,9,1,1
BRF:20
BRH:19
end_of_record
